-------------------------------------
/opt/python/log/supervisord.log
-------------------------------------
2020-05-11 04:28:06,709 CRIT Supervisor running as root (no user in config file)
2020-05-11 04:28:06,720 INFO RPC interface 'supervisor' initialized
2020-05-11 04:28:06,720 CRIT Server 'unix_http_server' running without any HTTP authentication checking
2020-05-11 04:28:06,720 INFO supervisord started with pid 3034
2020-05-11 04:28:07,723 INFO spawned: 'httpd' with pid 3118
2020-05-11 04:28:08,884 INFO success: httpd entered RUNNING state, process has stayed up for > than 1 seconds (startsecs)



-------------------------------------
/var/log/httpd/error_log
-------------------------------------
[Mon May 11 04:28:08.163468 2020] [suexec:notice] [pid 3118] AH01232: suEXEC mechanism enabled (wrapper: /usr/sbin/suexec)
[Mon May 11 04:28:08.179713 2020] [http2:warn] [pid 3118] AH10034: The mpm module (prefork.c) is not supported by mod_http2. The mpm determines how things are processed in your server. HTTP/2 has more demands in this regard and the currently selected mpm will just not do. This is an advisory warning. Your server will continue to work, but the HTTP/2 protocol will be inactive.
[Mon May 11 04:28:08.179727 2020] [http2:warn] [pid 3118] AH02951: mod_ssl does not seem to be enabled
[Mon May 11 04:28:08.180173 2020] [lbmethod_heartbeat:notice] [pid 3118] AH02282: No slotmem from mod_heartmonitor
[Mon May 11 04:28:08.180217 2020] [:warn] [pid 3118] mod_wsgi: Compiled for Python/3.6.2.
[Mon May 11 04:28:08.180221 2020] [:warn] [pid 3118] mod_wsgi: Runtime using Python/3.6.10.
[Mon May 11 04:28:08.182073 2020] [mpm_prefork:notice] [pid 3118] AH00163: Apache/2.4.41 (Amazon) mod_wsgi/3.5 Python/3.6.10 configured -- resuming normal operations
[Mon May 11 04:28:08.182091 2020] [core:notice] [pid 3118] AH00094: Command line: '/usr/sbin/httpd -D FOREGROUND'



-------------------------------------
/var/log/httpd/access_log
-------------------------------------




-------------------------------------
/var/log/eb-activity.log
-------------------------------------
      writing dependency_links to pip-egg-info/psycopg2.egg-info/dependency_links.txt
      writing top-level names to pip-egg-info/psycopg2.egg-info/top_level.txt
      writing manifest file 'pip-egg-info/psycopg2.egg-info/SOURCES.txt'
      /usr/lib64/python3.6/distutils/dist.py:261: UserWarning: Unknown distribution option: 'project_urls'
        warnings.warn(msg)
      warning: manifest_maker: standard file '-c' not found
      
      
      Error: pg_config executable not found.
      
      pg_config is required to build psycopg2 from source.  Please add the directory
      containing pg_config to the $PATH or specify the full executable path with the
      option:
      
          python setup.py build_ext --pg-config /path/to/pg_config build ...
      
      or with the pg_config option in 'setup.cfg'.
      
      If you prefer to avoid building psycopg2 from source, please install the PyPI
      'psycopg2-binary' package instead.
      
      For further information please check the 'doc/src/install.rst' file (also at
      <http://initd.org/psycopg/docs/install.html>).
      
      
      ----------------------------------------
  Command "python setup.py egg_info" failed with error code 1 in /tmp/pip-build-mci1wjaf/psycopg2/
  You are using pip version 9.0.1, however version 20.1 is available.
  You should consider upgrading via the 'pip install --upgrade pip' command.
  2020-05-11 04:28:34,788 ERROR    Error installing dependencies: Command '/opt/python/run/venv/bin/pip install -r /opt/python/ondeck/app/requirements.txt' returned non-zero exit status 1
  Traceback (most recent call last):
    File "/opt/elasticbeanstalk/hooks/appdeploy/pre/03deploy.py", line 22, in main
      install_dependencies()
    File "/opt/elasticbeanstalk/hooks/appdeploy/pre/03deploy.py", line 18, in install_dependencies
      check_call('%s install -r %s' % (os.path.join(APP_VIRTUAL_ENV, 'bin', 'pip'), requirements_file), shell=True)
    File "/usr/lib64/python2.7/subprocess.py", line 190, in check_call
      raise CalledProcessError(retcode, cmd)
  CalledProcessError: Command '/opt/python/run/venv/bin/pip install -r /opt/python/ondeck/app/requirements.txt' returned non-zero exit status 1 (ElasticBeanstalk::ExternalInvocationError)
caused by: Collecting asgiref==3.2.7 (from -r /opt/python/ondeck/app/requirements.txt (line 1))
    Downloading https://files.pythonhosted.org/packages/68/00/25013f7310a56d17e1ab6fd885d5c1f216b7123b550d295c93f8e29d372a/asgiref-3.2.7-py2.py3-none-any.whl
  Collecting certifi==2020.4.5.1 (from -r /opt/python/ondeck/app/requirements.txt (line 2))
    Downloading https://files.pythonhosted.org/packages/57/2b/26e37a4b034800c960a00c4e1b3d9ca5d7014e983e6e729e33ea2f36426c/certifi-2020.4.5.1-py2.py3-none-any.whl (157kB)
  Collecting Django==2.1.1 (from -r /opt/python/ondeck/app/requirements.txt (line 3))
    Downloading https://files.pythonhosted.org/packages/ca/7e/fc068d164b32552ae3a8f8d5d0280c083f2e8d553e71ecacc21927564561/Django-2.1.1-py3-none-any.whl (7.3MB)
  Collecting psycopg2==2.8.4 (from -r /opt/python/ondeck/app/requirements.txt (line 4))
    Downloading https://files.pythonhosted.org/packages/84/d7/6a93c99b5ba4d4d22daa3928b983cec66df4536ca50b22ce5dcac65e4e71/psycopg2-2.8.4.tar.gz (377kB)
      Complete output from command python setup.py egg_info:
      running egg_info
      creating pip-egg-info/psycopg2.egg-info
      writing pip-egg-info/psycopg2.egg-info/PKG-INFO
      writing dependency_links to pip-egg-info/psycopg2.egg-info/dependency_links.txt
      writing top-level names to pip-egg-info/psycopg2.egg-info/top_level.txt
      writing manifest file 'pip-egg-info/psycopg2.egg-info/SOURCES.txt'
      /usr/lib64/python3.6/distutils/dist.py:261: UserWarning: Unknown distribution option: 'project_urls'
        warnings.warn(msg)
      warning: manifest_maker: standard file '-c' not found
      
      
      Error: pg_config executable not found.
      
      pg_config is required to build psycopg2 from source.  Please add the directory
      containing pg_config to the $PATH or specify the full executable path with the
      option:
      
          python setup.py build_ext --pg-config /path/to/pg_config build ...
      
      or with the pg_config option in 'setup.cfg'.
      
      If you prefer to avoid building psycopg2 from source, please install the PyPI
      'psycopg2-binary' package instead.
      
      For further information please check the 'doc/src/install.rst' file (also at
      <http://initd.org/psycopg/docs/install.html>).
      
      
      ----------------------------------------
  Command "python setup.py egg_info" failed with error code 1 in /tmp/pip-build-mci1wjaf/psycopg2/
  You are using pip version 9.0.1, however version 20.1 is available.
  You should consider upgrading via the 'pip install --upgrade pip' command.
  2020-05-11 04:28:34,788 ERROR    Error installing dependencies: Command '/opt/python/run/venv/bin/pip install -r /opt/python/ondeck/app/requirements.txt' returned non-zero exit status 1
  Traceback (most recent call last):
    File "/opt/elasticbeanstalk/hooks/appdeploy/pre/03deploy.py", line 22, in main
      install_dependencies()
    File "/opt/elasticbeanstalk/hooks/appdeploy/pre/03deploy.py", line 18, in install_dependencies
      check_call('%s install -r %s' % (os.path.join(APP_VIRTUAL_ENV, 'bin', 'pip'), requirements_file), shell=True)
    File "/usr/lib64/python2.7/subprocess.py", line 190, in check_call
      raise CalledProcessError(retcode, cmd)
  CalledProcessError: Command '/opt/python/run/venv/bin/pip install -r /opt/python/ondeck/app/requirements.txt' returned non-zero exit status 1 (Executor::NonZeroExitStatus)


[2020-05-11T04:28:34.795Z] INFO  [3172]  - [Application deployment app-2657-200510_235304@1/StartupStage0/AppDeployPreHook/03deploy.py] : Activity failed.
[2020-05-11T04:28:34.795Z] INFO  [3172]  - [Application deployment app-2657-200510_235304@1/StartupStage0/AppDeployPreHook] : Activity failed.
[2020-05-11T04:28:34.795Z] INFO  [3172]  - [Application deployment app-2657-200510_235304@1/StartupStage0] : Activity failed.
[2020-05-11T04:28:34.796Z] INFO  [3172]  - [Application deployment app-2657-200510_235304@1] : Completed activity. Result:
  Application deployment - Command CMD-Startup failed
[2020-05-11T04:29:59.610Z] INFO  [3311]  - [CMD-TailLogs] : Starting activity...
[2020-05-11T04:29:59.610Z] INFO  [3311]  - [CMD-TailLogs/AddonsBefore] : Starting activity...
[2020-05-11T04:29:59.610Z] INFO  [3311]  - [CMD-TailLogs/AddonsBefore] : Completed activity.
[2020-05-11T04:29:59.610Z] INFO  [3311]  - [CMD-TailLogs/TailLogs] : Starting activity...
[2020-05-11T04:29:59.610Z] INFO  [3311]  - [CMD-TailLogs/TailLogs/TailLogs] : Starting activity...



-------------------------------------
/var/log/eb-commandprocessor.log
-------------------------------------
      'psycopg2-binary' package instead.
      
      For further information please check the 'doc/src/install.rst' file (also at
      <http://initd.org/psycopg/docs/install.html>).
      
      
      ----------------------------------------
  Command "python setup.py egg_info" failed with error code 1 in /tmp/pip-build-mci1wjaf/psycopg2/
  You are using pip version 9.0.1, however version 20.1 is available.
  You should consider upgrading via the 'pip install --upgrade pip' command.
  2020-05-11 04:28:34,788 ERROR    Error installing dependencies: Command '/opt/python/run/venv/bin/pip install -r /opt/python/ondeck/app/requirements.txt' returned non-zero exit status 1
  Traceback (most recent call last):
    File "/opt/elasticbeanstalk/hooks/appdeploy/pre/03deploy.py", line 22, in main
      install_dependencies()
    File "/opt/elasticbeanstalk/hooks/appdeploy/pre/03deploy.py", line 18, in install_dependencies
      check_call('%s install -r %s' % (os.path.join(APP_VIRTUAL_ENV, 'bin', 'pip'), requirements_file), shell=True)
    File "/usr/lib64/python2.7/subprocess.py", line 190, in check_call
      raise CalledProcessError(retcode, cmd)
  CalledProcessError: Command '/opt/python/run/venv/bin/pip install -r /opt/python/ondeck/app/requirements.txt' returned non-zero exit status 1 (ElasticBeanstalk::ExternalInvocationError)
caused by: Collecting asgiref==3.2.7 (from -r /opt/python/ondeck/app/requirements.txt (line 1))
    Downloading https://files.pythonhosted.org/packages/68/00/25013f7310a56d17e1ab6fd885d5c1f216b7123b550d295c93f8e29d372a/asgiref-3.2.7-py2.py3-none-any.whl
  Collecting certifi==2020.4.5.1 (from -r /opt/python/ondeck/app/requirements.txt (line 2))
    Downloading https://files.pythonhosted.org/packages/57/2b/26e37a4b034800c960a00c4e1b3d9ca5d7014e983e6e729e33ea2f36426c/certifi-2020.4.5.1-py2.py3-none-any.whl (157kB)
  Collecting Django==2.1.1 (from -r /opt/python/ondeck/app/requirements.txt (line 3))
    Downloading https://files.pythonhosted.org/packages/ca/7e/fc068d164b32552ae3a8f8d5d0280c083f2e8d553e71ecacc21927564561/Django-2.1.1-py3-none-any.whl (7.3MB)
  Collecting psycopg2==2.8.4 (from -r /opt/python/ondeck/app/requirements.txt (line 4))
    Downloading https://files.pythonhosted.org/packages/84/d7/6a93c99b5ba4d4d22daa3928b983cec66df4536ca50b22ce5dcac65e4e71/psycopg2-2.8.4.tar.gz (377kB)
      Complete output from command python setup.py egg_info:
      running egg_info
      creating pip-egg-info/psycopg2.egg-info
      writing pip-egg-info/psycopg2.egg-info/PKG-INFO
      writing dependency_links to pip-egg-info/psycopg2.egg-info/dependency_links.txt
      writing top-level names to pip-egg-info/psycopg2.egg-info/top_level.txt
      writing manifest file 'pip-egg-info/psycopg2.egg-info/SOURCES.txt'
      /usr/lib64/python3.6/distutils/dist.py:261: UserWarning: Unknown distribution option: 'project_urls'
        warnings.warn(msg)
      warning: manifest_maker: standard file '-c' not found
      
      
      Error: pg_config executable not found.
      
      pg_config is required to build psycopg2 from source.  Please add the directory
      containing pg_config to the $PATH or specify the full executable path with the
      option:
      
          python setup.py build_ext --pg-config /path/to/pg_config build ...
      
      or with the pg_config option in 'setup.cfg'.
      
      If you prefer to avoid building psycopg2 from source, please install the PyPI
      'psycopg2-binary' package instead.
      
      For further information please check the 'doc/src/install.rst' file (also at
      <http://initd.org/psycopg/docs/install.html>).
      
      
      ----------------------------------------
  Command "python setup.py egg_info" failed with error code 1 in /tmp/pip-build-mci1wjaf/psycopg2/
  You are using pip version 9.0.1, however version 20.1 is available.
  You should consider upgrading via the 'pip install --upgrade pip' command.
  2020-05-11 04:28:34,788 ERROR    Error installing dependencies: Command '/opt/python/run/venv/bin/pip install -r /opt/python/ondeck/app/requirements.txt' returned non-zero exit status 1
  Traceback (most recent call last):
    File "/opt/elasticbeanstalk/hooks/appdeploy/pre/03deploy.py", line 22, in main
      install_dependencies()
    File "/opt/elasticbeanstalk/hooks/appdeploy/pre/03deploy.py", line 18, in install_dependencies
      check_call('%s install -r %s' % (os.path.join(APP_VIRTUAL_ENV, 'bin', 'pip'), requirements_file), shell=True)
    File "/usr/lib64/python2.7/subprocess.py", line 190, in check_call
      raise CalledProcessError(retcode, cmd)
  CalledProcessError: Command '/opt/python/run/venv/bin/pip install -r /opt/python/ondeck/app/requirements.txt' returned non-zero exit status 1 (Executor::NonZeroExitStatus)


[2020-05-11T04:28:34.795Z] ERROR [3172]  : Command CMD-Startup failed!
[2020-05-11T04:28:34.796Z] INFO  [3172]  : Command processor returning results: 
{"status":"FAILURE","api_version":"1.0","results":[{"status":"FAILURE","msg":"(TRUNCATED)...)\n  File \"/usr/lib64/python2.7/subprocess.py\", line 190, in check_call\n    raise CalledProcessError(retcode, cmd)\nCalledProcessError: Command '/opt/python/run/venv/bin/pip install -r /opt/python/ondeck/app/requirements.txt' returned non-zero exit status 1. \nHook /opt/elasticbeanstalk/hooks/appdeploy/pre/03deploy.py failed. For more detail, check /var/log/eb-activity.log using console or EB CLI","returncode":1,"events":[{"msg":"Your requirements.txt is invalid. Snapshot your logs for details.","severity":"ERROR","timestamp":1589171314},{"msg":"Error installing dependencies: Command '/opt/python/run/venv/bin/pip install -r /opt/python/ondeck/app/requirements.txt' returned non-zero exit status 1","severity":"SYSTEM","timestamp":1589171314}]}],"truncated":"true"}
[2020-05-11T04:29:59.603Z] DEBUG [3311]  : Reading config file: /etc/elasticbeanstalk/.aws-eb-stack.properties
[2020-05-11T04:29:59.604Z] DEBUG [3311]  : Checking if the command processor should execute...
[2020-05-11T04:29:59.606Z] DEBUG [3311]  : Checking whether the command is applicable to instance (i-08e90efba512a3608)..
[2020-05-11T04:29:59.606Z] INFO  [3311]  : Command is applicable to this instance (i-08e90efba512a3608)..
[2020-05-11T04:29:59.606Z] DEBUG [3311]  : Checking if the received command stage is valid..
[2020-05-11T04:29:59.606Z] INFO  [3311]  : No stage_num in command. Valid stage..
[2020-05-11T04:29:59.607Z] INFO  [3311]  : Received command CMD-TailLogs: {"execution_data"=>"*", "instance_ids"=>["i-08e90efba512a3608"], "data"=>"d0f19d05-c51d-4295-ac3a-ad26c2102109", "command_name"=>"CMD-TailLogs", "api_version"=>"1.0", "resource_name"=>"AWSEBAutoScalingGroup", "request_id"=>"d0f19d05-c51d-4295-ac3a-ad26c2102109"}
[2020-05-11T04:29:59.607Z] INFO  [3311]  : Command processor should execute command.
[2020-05-11T04:29:59.607Z] DEBUG [3311]  : Storing current stage..
[2020-05-11T04:29:59.607Z] DEBUG [3311]  : Stage_num does not exist. Not saving null stage. Returning..
[2020-05-11T04:29:59.607Z] DEBUG [3311]  : Reading config file: /etc/elasticbeanstalk/.aws-eb-stack.properties
[2020-05-11T04:29:59.607Z] DEBUG [3311]  : Retrieving metadata for key: AWS::ElasticBeanstalk::Ext||_ContainerConfigFileContent||commands..
[2020-05-11T04:29:59.607Z] DEBUG [3311]  : Retrieving metadata for key: AWS::ElasticBeanstalk::Ext||_API||_Commands..
[2020-05-11T04:29:59.608Z] INFO  [3311]  : Found enabled addons: ["logstreaming", "logpublish"].
[2020-05-11T04:29:59.609Z] INFO  [3311]  : Updating Command definition of addon logstreaming.
[2020-05-11T04:29:59.609Z] INFO  [3311]  : Updating Command definition of addon logpublish.
[2020-05-11T04:29:59.609Z] DEBUG [3311]  : Loaded definition of Command CMD-TailLogs.
[2020-05-11T04:29:59.609Z] INFO  [3311]  : Executing CMD-TailLogs
[2020-05-11T04:29:59.610Z] INFO  [3311]  : Executing command: CMD-TailLogs...
[2020-05-11T04:29:59.610Z] INFO  [3311]  : Executing command CMD-TailLogs activities...
[2020-05-11T04:29:59.610Z] DEBUG [3311]  : Setting environment variables..
[2020-05-11T04:29:59.610Z] INFO  [3311]  : Running AddonsBefore for command CMD-TailLogs...
[2020-05-11T04:29:59.610Z] DEBUG [3311]  : Running stages of Command CMD-TailLogs from stage 0 to stage 0...
[2020-05-11T04:29:59.610Z] INFO  [3311]  : Running stage 0 of command CMD-TailLogs...
[2020-05-11T04:29:59.610Z] DEBUG [3311]  : Loaded 1 actions for stage 0.
[2020-05-11T04:29:59.610Z] INFO  [3311]  : Running 1 of 1 actions: TailLogs...



